
Mar 02, 2017 17:05:45.66 NEW SESSION
Mar 02, 2017 17:05:45.66 [7192:1128:0302/170545.659:ERROR:content_settings_pref.cc(469)] Invalid pattern strings: file:///E:/,*
Mar 02, 2017 17:05:45.66 [7192:1128:0302/170545.662:ERROR:content_settings_pref.cc(295)] Invalid pattern strings: file:///E:/,*
Mar 02, 2017 17:05:46.05 [7192:2272:0302/170546.056:ERROR:external_registry_loader_win.cc(137)] File path wcxChrome.crx needs to be absolute in key Software\Google\Chrome\Extensions\mjdepfkicdcciagbigfcmdhknnoaaegf
Mar 02, 2017 17:07:46.03 [7192:1396:0302/170746.030:ERROR:ssl_client_socket_impl.cc(1101)] handshake failed; returned -1, SSL error code 1, net_error -101
Mar 02, 2017 18:09:16.71 [7192:1128:0302/180916.712:ERROR:CONSOLE(130)] "Failed to execute 'postMessage' on 'DOMWindow': The target origin provided ('http://facebook.com') does not match the recipient window's origin ('https://www.google.com.vn').", source: chrome-search://most-visited/single.js (130)
Mar 02, 2017 18:16:20.11 A Parser-blocking, cross-origin script, http://www.googletagservices.com/tag/js/gpt.js, is invoked via document.write. This may be blocked by the browser if the device has poor network connectivity. See https://www.chromestatus.com/feature/5718547946799104 for more details.
Mar 02, 2017 18:16:20.12 A Parser-blocking, cross-origin script, http://www.googletagservices.com/tag/js/gpt.js, is invoked via document.write. This may be blocked by the browser if the device has poor network connectivity. See https://www.chromestatus.com/feature/5718547946799104 for more details.
Mar 02, 2017 18:16:20.13 A Parser-blocking, cross-origin script, https://securepubads.g.doubleclick.net/gpt/pubads_impl_110.js, is invoked via document.write. This may be blocked by the browser if the device has poor network connectivity. See https://www.chromestatus.com/feature/5718547946799104 for more details.
Mar 02, 2017 18:16:20.19 A Parser-blocking, cross-origin script, https://securepubads.g.doubleclick.net/gpt/pubads_impl_110.js, is invoked via document.write. This may be blocked by the browser if the device has poor network connectivity. See https://www.chromestatus.com/feature/5718547946799104 for more details.
Mar 02, 2017 18:16:20.20 A Parser-blocking, cross-origin script, https://securepubads.g.doubleclick.net/gampad/ads?gdfp_req=1&correlator=389151800384217&output=json_html&callback=googletag.impl.pubads.setAdContentsBySlotForSync&impl=ss&json_a=1&eid=108809080&sc=0&sfv=1-0-6&iu_parts=5055%2Cb2b%2Cdev%2Chtmlgoodies%2Cciu%2Chero%2Cimu%2Clb%2Cwa&enc_prev_ius=%2F0%2F1%2F2%2F3%2F4%2C%2F0%2F1%2F2%2F3%2F4%2C%2F0%2F1%2F2%2F3%2F5%2C%2F0%2F1%2F2%2F3%2F6%2C%2F0%2F1%2F2%2F3%2F6%2C%2F0%2F1%2F2%2F3%2F7%2C%2F0%2F1%2F2%2F3%2F7%2C%2F0%2F1%2F2%2F3%2F8&prev_iu_szs=600x200%7C300x200%2C600x200%7C300x200%2C1x1%2C300x250%7C300x600%7C300x1050%2C300x250%7C300x600%2C728x90%2C728x90%2C1x1&ists=33&prev_scp=pos%3Dtop%7Cpos%3Dlow%7C%7Cpos%3Dtop%7Cpos%3Dmid%7Cpos%3Dtop%7Cpos%3Dlow%7C&cust_params=kw%3DjavascriptonLoadOnMouseOverOnClickJavaScript%2520onLoad%26tax%3Daudience%252Cproduct%2520development%252Cproduct%2520development%2520client%2520side%252Cproduct%2520web%2520internet%2520development%252Cproduct%2520development%2520programming%2520languages%2520javascript%26path%3Dbeyond%252Cjavascript%252Carticle.php%252C3470771%26articlekey%3D4143260%26pagetype%3Dother%26url%3Dhttp%253A%252F%252Fwww.htmlgoodies.com%252Fbeyond%252Fjavascript%252Farticle.php%252F3470771%26pfm%3Ddes%26env%3Dprod%26wtdlk%3DWLf-AwrIZ7wAAHDselAAAAAW%26kuid%3D&cookie_enabled=1&lmt=1488453380&dt=1488453380067&frm=20&biw=1366&bih=662&oid=3&adxs=-9%2C-9%2C-9%2C-9%2C-9%2C-9%2C-9%2C8&adys=-9%2C-9%2C-9%2C-9%2C-9%2C-9%2C-9%2C8&adks=318240238%2C318240237%2C557652655%2C3809128805%2C3461244519%2C888938843%2C888938842%2C575245285&gut=v2&ifi=1&u_tz=420&u_his=3&u_h=768&u_w=1366&u_ah=728&u_aw=1366&u_cd=24&u_nplug=4&u_nmime=5&u_sd=1&flash=0&url=http%3A%2F%2Fwww.htmlgoodies.com%2Fbeyond%2Fjavascript%2Farticle.php%2F3470771&ref=https%3A%2F%2Fwww.google.com.vn%2F&dssz=51&icsg=4503599627358127&std=0&csl=31&vrg=110&vrp=110&ga_vid=1665663651.1488453380&ga_sid=1488453380&ga_hid=452604042, is invoked via document.write. This may be blocked by the browser if the device has poor network connectivity. See https://www.chromestatus.com/feature/5718547946799104 for more details.
Mar 02, 2017 18:16:23.83 A Parser-blocking, cross-origin script, https://securepubads.g.doubleclick.net/gampad/ads?gdfp_req=1&correlator=389151800384217&output=json_html&callback=googletag.impl.pubads.setAdContentsBySlotForSync&impl=ss&json_a=1&eid=108809080&sc=0&sfv=1-0-6&iu_parts=5055%2Cb2b%2Cdev%2Chtmlgoodies%2Cciu%2Chero%2Cimu%2Clb%2Cwa&enc_prev_ius=%2F0%2F1%2F2%2F3%2F4%2C%2F0%2F1%2F2%2F3%2F4%2C%2F0%2F1%2F2%2F3%2F5%2C%2F0%2F1%2F2%2F3%2F6%2C%2F0%2F1%2F2%2F3%2F6%2C%2F0%2F1%2F2%2F3%2F7%2C%2F0%2F1%2F2%2F3%2F7%2C%2F0%2F1%2F2%2F3%2F8&prev_iu_szs=600x200%7C300x200%2C600x200%7C300x200%2C1x1%2C300x250%7C300x600%7C300x1050%2C300x250%7C300x600%2C728x90%2C728x90%2C1x1&ists=33&prev_scp=pos%3Dtop%7Cpos%3Dlow%7C%7Cpos%3Dtop%7Cpos%3Dmid%7Cpos%3Dtop%7Cpos%3Dlow%7C&cust_params=kw%3DjavascriptonLoadOnMouseOverOnClickJavaScript%2520onLoad%26tax%3Daudience%252Cproduct%2520development%252Cproduct%2520development%2520client%2520side%252Cproduct%2520web%2520internet%2520development%252Cproduct%2520development%2520programming%2520languages%2520javascript%26path%3Dbeyond%252Cjavascript%252Carticle.php%252C3470771%26articlekey%3D4143260%26pagetype%3Dother%26url%3Dhttp%253A%252F%252Fwww.htmlgoodies.com%252Fbeyond%252Fjavascript%252Farticle.php%252F3470771%26pfm%3Ddes%26env%3Dprod%26wtdlk%3DWLf-AwrIZ7wAAHDselAAAAAW%26kuid%3D&cookie_enabled=1&lmt=1488453380&dt=1488453380067&frm=20&biw=1366&bih=662&oid=3&adxs=-9%2C-9%2C-9%2C-9%2C-9%2C-9%2C-9%2C8&adys=-9%2C-9%2C-9%2C-9%2C-9%2C-9%2C-9%2C8&adks=318240238%2C318240237%2C557652655%2C3809128805%2C3461244519%2C888938843%2C888938842%2C575245285&gut=v2&ifi=1&u_tz=420&u_his=3&u_h=768&u_w=1366&u_ah=728&u_aw=1366&u_cd=24&u_nplug=4&u_nmime=5&u_sd=1&flash=0&url=http%3A%2F%2Fwww.htmlgoodies.com%2Fbeyond%2Fjavascript%2Farticle.php%2F3470771&ref=https%3A%2F%2Fwww.google.com.vn%2F&dssz=51&icsg=4503599627358127&std=0&csl=31&vrg=110&vrp=110&ga_vid=1665663651.1488453380&ga_sid=1488453380&ga_hid=452604042, is invoked via document.write. This may be blocked by the browser if the device has poor network connectivity. See https://www.chromestatus.com/feature/5718547946799104 for more details.
Mar 02, 2017 18:16:23.84 A Parser-blocking, cross-origin script, http://ap.lijit.com/www/delivery/fpi.js?z=284621&u=quinstreet&width=728&height=90, is invoked via document.write. This may be blocked by the browser if the device has poor network connectivity. See https://www.chromestatus.com/feature/5718547946799104 for more details.
Mar 02, 2017 18:16:23.84 A Parser-blocking, cross-origin script, http://ap.lijit.com/www/delivery/fpi.js?z=284621&u=quinstreet&width=728&height=90, is invoked via document.write. This may be blocked by the browser if the device has poor network connectivity. See https://www.chromestatus.com/feature/5718547946799104 for more details.
Mar 02, 2017 18:16:23.85 A Parser-blocking, cross-origin script, https://tpc.googlesyndication.com/pagead/js/r20170227/r20110914/activeview/osd_listener.js, is invoked via document.write. This may be blocked by the browser if the device has poor network connectivity. See https://www.chromestatus.com/feature/5718547946799104 for more details.
Mar 02, 2017 18:16:23.86 A Parser-blocking, cross-origin script, https://tpc.googlesyndication.com/pagead/js/r20170227/r20110914/activeview/osd_listener.js, is invoked via document.write. This may be blocked by the browser if the device has poor network connectivity. See https://www.chromestatus.com/feature/5718547946799104 for more details.
Mar 02, 2017 18:16:23.86 A Parser-blocking, cross-origin script, https://tpc.googlesyndication.com/pagead/js/r20170227/r20110914/activeview/osd_listener.js, is invoked via document.write. This may be blocked by the browser if the device has poor network connectivity. See https://www.chromestatus.com/feature/5718547946799104 for more details.
Mar 02, 2017 18:16:23.87 A Parser-blocking, cross-origin script, http://ap.lijit.com/www/delivery/fpi.js?z=284622&u=quinstreet&width=300&height=250, is invoked via document.write. This may be blocked by the browser if the device has poor network connectivity. See https://www.chromestatus.com/feature/5718547946799104 for more details.
Mar 02, 2017 18:16:23.88 A Parser-blocking, cross-origin script, http://ap.lijit.com/www/delivery/fpi.js?z=284622&u=quinstreet&width=300&height=250, is invoked via document.write. This may be blocked by the browser if the device has poor network connectivity. See https://www.chromestatus.com/feature/5718547946799104 for more details.
Mar 02, 2017 18:16:23.89 A Parser-blocking, cross-origin script, https://tpc.googlesyndication.com/pagead/js/r20170227/r20110914/activeview/osd_listener.js, is invoked via document.write. This may be blocked by the browser if the device has poor network connectivity. See https://www.chromestatus.com/feature/5718547946799104 for more details.
Mar 02, 2017 18:16:23.91 A Parser-blocking, cross-origin script, http://ap.lijit.com/www/delivery/fpi.js?z=284623&u=quinstreet&width=300&height=600, is invoked via document.write. This may be blocked by the browser if the device has poor network connectivity. See https://www.chromestatus.com/feature/5718547946799104 for more details.
Mar 02, 2017 18:29:00.61 A Parser-blocking, cross-or[WARNING:..\..\..\..\flash\platform\pepper\pep_module.cpp(63)] SANDBOXED
Mar 02, 2017 18:37:55.26 [5680:5804:0302/183755.265:ERROR:stunport.cc(89)] Binding request timed out from 0.0.0.x:53915 (any)
Mar 02, 2017 18:37:55.27 [5680:5804:0302/183755.265:ERROR:stunport.cc(89)] Binding request timed out from 0.0.0.x:53917 (any)
Mar 02, 2017 18:38:17.01 [WARNING:..\..\..\..\flash\platform\pepper\pep_module.cpp(63)] SANDBOXED
Mar 02, 2017 18:39:12.35 [WARNING:..\..\..\..\flash\platform\pepper\pep_module.cpp(63)] SANDBOXED
Mar 02, 2017 18:39:26.60 [5680:5804:0302/183926.600:ERROR:stunport.cc(89)] Binding request timed out from 0.0.0.x:51761 (any)
Mar 02, 2017 18:39:26.60 [5680:5804:0302/183926.600:ERROR:stunport.cc(89)] Binding request timed out from 0.0.0.x:51763 (any)
Mar 02, 2017 18:39:48.51 [WARNING:..\..\..\..\flash\platform\pepper\pep_module.cpp(63)] SANDBOXED
Mar 02, 2017 18:42:08.98 [WARNING:..\..\..\..\flash\platform\pepper\pep_module.cpp(63)] SANDBOXED
Mar 02, 2017 18:42:24.80 [5680:5804:0302/184224.806:ERROR:stunport.cc(89)] Binding request timed out from 0.0.0.x:57784 (any)
Mar 02, 2017 18:42:24.81 [5680:5804:0302/184224.806:ERROR:stunport.cc(89)] Binding request timed out from 0.0.0.x:57786 (any)
Mar 02, 2017 18:42:46.83 [WARNING:..\..\..\..\flash\platform\pepper\pep_module.cpp(63)] SANDBOXED
Mar 02, 2017 18:45:02.20 [WARNING:..\..\..\..\flash\platform\pepper\pep_module.cpp(63)] SANDBOXED
Mar 02, 2017 18:45:31.60 [5680:5804:0302/184531.605:ERROR:stunport.cc(89)] Binding request timed out from 0.0.0.x:53879 (any)
Mar 02, 2017 18:45:31.61 [5680:5804:0302/184531.605:ERROR:stunport.cc(89)] Binding request timed out from 0.0.0.x:53881 (any)
Mar 02, 2017 18:45:53.16 [WARNING:..\..\..\..\flash\platform\pepper\pep_module.cpp(63)] SANDBOXED
Mar 02, 2017 18:46:23.64 [5680:5804:0302/184623.640:ERROR:stunport.cc(89)] Binding request timed out from 0.0.0.x:59005 (any)
Mar 02, 2017 18:46:23.64 [5680:5804:0302/184623.640:ERROR:stunport.cc(89)] Binding request timed out from 0.0.0.x:59007 (any)
Mar 02, 2017 18:46:46.95 [WARNING:..\..\..\..\flash\platform\pepper\pep_module.cpp(63)] SANDBOXED
